05-27 14:37:33 tag: fsc-baseline
05-27 14:37:33 device: 0
05-27 14:37:33 no_wandb: True
05-27 14:37:33 data_dir: ./datasets/FSC
05-27 14:37:33 log_param: 100.0
05-27 14:37:33 crop_size: 384
05-27 14:37:33 downsample_ratio: 16
05-27 14:37:33 dcsize: 8
05-27 14:37:33 lr: 4e-05
05-27 14:37:33 batch_size: 8
05-27 14:37:33 num_workers: 4
05-27 14:37:33 weight_decay: 1e-05
05-27 14:37:33 max_epoch: 1000
05-27 14:37:33 val_epoch: 10
05-27 14:37:33 val_start: 50
05-27 14:37:33 scheduler: step
05-27 14:37:33 step: 400
05-27 14:37:33 gamma: 0.5
05-27 14:37:33 t_max: 200
05-27 14:37:33 eta_min: 4e-06
05-27 14:37:33 save_dir: ./checkpoint
05-27 14:37:33 save_all: False
05-27 14:37:33 max_model_num: 1
05-27 14:37:33 resume: 
05-27 14:37:42 -----Epoch 0/999-----
05-27 14:39:12 tag: fsc-baseline
05-27 14:39:12 device: 0
05-27 14:39:12 no_wandb: True
05-27 14:39:12 data_dir: ./datasets/FSC
05-27 14:39:12 log_param: 100.0
05-27 14:39:12 crop_size: 384
05-27 14:39:12 downsample_ratio: 16
05-27 14:39:12 dcsize: 8
05-27 14:39:12 lr: 4e-05
05-27 14:39:12 batch_size: 8
05-27 14:39:12 num_workers: 4
05-27 14:39:12 weight_decay: 1e-05
05-27 14:39:12 max_epoch: 1000
05-27 14:39:12 val_epoch: 10
05-27 14:39:12 val_start: 50
05-27 14:39:12 scheduler: step
05-27 14:39:12 step: 400
05-27 14:39:12 gamma: 0.5
05-27 14:39:12 t_max: 200
05-27 14:39:12 eta_min: 4e-06
05-27 14:39:12 save_dir: ./checkpoint
05-27 14:39:12 save_all: False
05-27 14:39:12 max_model_num: 1
05-27 14:39:12 resume: 
05-27 14:39:21 -----Epoch 0/999-----
05-27 14:41:31 Epoch 0 Train, Loss: 1012757.23, MSE: 6229.93 MAE: 2956.31, Cost 129.3 sec
05-27 14:41:31 -----Epoch 1/999-----
05-27 14:43:35 Epoch 1 Train, Loss: 967470.96, MSE: 5714.41 MAE: 2732.60, Cost 124.0 sec
05-27 14:43:36 -----Epoch 2/999-----
05-27 14:45:41 Epoch 2 Train, Loss: 909170.91, MSE: 5550.01 MAE: 2499.29, Cost 124.6 sec
05-27 14:45:41 -----Epoch 3/999-----
05-27 14:47:47 Epoch 3 Train, Loss: 844165.37, MSE: 5051.51 MAE: 2276.34, Cost 125.1 sec
05-27 14:47:47 -----Epoch 4/999-----
05-27 14:49:51 Epoch 4 Train, Loss: 846684.92, MSE: 5325.86 MAE: 2189.87, Cost 123.4 sec
05-27 14:49:51 -----Epoch 5/999-----
05-27 14:51:55 Epoch 5 Train, Loss: 800409.12, MSE: 5235.12 MAE: 2072.81, Cost 123.9 sec
05-27 14:51:56 -----Epoch 6/999-----
05-27 14:54:00 Epoch 6 Train, Loss: 748616.16, MSE: 4697.42 MAE: 1903.46, Cost 124.3 sec
05-27 14:54:01 -----Epoch 7/999-----
05-27 14:56:05 Epoch 7 Train, Loss: 725868.29, MSE: 4642.09 MAE: 1753.47, Cost 123.7 sec
05-27 14:56:05 -----Epoch 8/999-----
05-27 14:58:08 Epoch 8 Train, Loss: 743729.53, MSE: 4800.57 MAE: 1724.47, Cost 123.2 sec
05-27 14:58:09 -----Epoch 9/999-----
05-27 15:00:13 Epoch 9 Train, Loss: 726152.63, MSE: 4631.46 MAE: 1610.56, Cost 123.7 sec
05-27 15:00:13 -----Epoch 10/999-----
05-27 15:02:17 Epoch 10 Train, Loss: 680330.90, MSE: 4160.50 MAE: 1483.05, Cost 123.4 sec
05-27 15:02:17 -----Epoch 11/999-----
05-27 15:03:55 Epoch 11 Train, Loss: 683599.54, MSE: 4342.05 MAE: 1436.17, Cost 97.7 sec
05-27 15:03:56 -----Epoch 12/999-----
05-27 15:05:33 Epoch 12 Train, Loss: 658731.75, MSE: 4303.69 MAE: 1428.84, Cost 97.1 sec
05-27 15:05:34 -----Epoch 13/999-----
05-27 15:07:12 Epoch 13 Train, Loss: 655193.85, MSE: 4278.76 MAE: 1366.69, Cost 97.8 sec
05-27 15:07:12 -----Epoch 14/999-----
05-27 15:08:49 Epoch 14 Train, Loss: 645315.25, MSE: 4166.53 MAE: 1347.40, Cost 97.3 sec
05-27 15:08:50 -----Epoch 15/999-----
05-27 15:10:28 Epoch 15 Train, Loss: 646739.38, MSE: 4235.99 MAE: 1291.42, Cost 97.4 sec
05-27 15:10:28 -----Epoch 16/999-----
05-27 15:12:06 Epoch 16 Train, Loss: 638557.85, MSE: 4087.72 MAE: 1222.76, Cost 97.3 sec
05-27 15:12:06 -----Epoch 17/999-----
05-27 15:13:44 Epoch 17 Train, Loss: 602347.52, MSE: 3861.18 MAE: 1180.81, Cost 97.3 sec
05-27 15:13:44 -----Epoch 18/999-----
05-27 15:15:22 Epoch 18 Train, Loss: 608001.25, MSE: 3800.52 MAE: 1159.19, Cost 97.4 sec
05-27 15:15:23 -----Epoch 19/999-----
05-27 15:17:00 Epoch 19 Train, Loss: 606131.75, MSE: 3840.90 MAE: 1136.53, Cost 97.8 sec
05-27 15:17:01 -----Epoch 20/999-----
05-27 15:18:38 Epoch 20 Train, Loss: 603435.32, MSE: 3888.77 MAE: 1132.17, Cost 97.3 sec
05-27 15:18:39 -----Epoch 21/999-----
05-27 15:20:16 Epoch 21 Train, Loss: 570995.09, MSE: 3643.88 MAE: 1066.52, Cost 97.4 sec
05-27 15:20:17 -----Epoch 22/999-----
05-27 15:21:54 Epoch 22 Train, Loss: 568693.60, MSE: 3710.67 MAE: 1054.02, Cost 97.1 sec
05-27 15:21:55 -----Epoch 23/999-----
05-27 15:23:32 Epoch 23 Train, Loss: 559023.52, MSE: 3560.36 MAE: 1011.49, Cost 97.3 sec
05-27 15:23:33 -----Epoch 24/999-----
05-27 15:25:10 Epoch 24 Train, Loss: 547752.15, MSE: 3451.92 MAE: 995.67, Cost 97.4 sec
05-27 15:25:11 -----Epoch 25/999-----
05-27 15:26:48 Epoch 25 Train, Loss: 552988.74, MSE: 3807.25 MAE: 1008.62, Cost 97.1 sec
05-27 15:26:49 -----Epoch 26/999-----
05-27 15:28:26 Epoch 26 Train, Loss: 552142.69, MSE: 3652.32 MAE: 977.97, Cost 97.3 sec
05-27 15:28:27 -----Epoch 27/999-----
05-27 15:30:05 Epoch 27 Train, Loss: 514035.33, MSE: 3150.01 MAE: 924.56, Cost 97.8 sec
05-27 15:30:05 -----Epoch 28/999-----
05-27 15:32:09 Epoch 28 Train, Loss: 512387.91, MSE: 3340.97 MAE: 914.54, Cost 123.5 sec
05-27 15:32:09 -----Epoch 29/999-----
05-27 15:34:14 Epoch 29 Train, Loss: 520464.38, MSE: 3399.07 MAE: 892.79, Cost 124.3 sec
05-27 15:34:14 -----Epoch 30/999-----
05-27 15:36:18 Epoch 30 Train, Loss: 494150.83, MSE: 3069.69 MAE: 859.40, Cost 123.9 sec
05-27 15:36:19 -----Epoch 31/999-----
05-27 15:38:22 Epoch 31 Train, Loss: 508177.27, MSE: 3432.96 MAE: 883.81, Cost 123.2 sec
05-27 15:38:23 -----Epoch 32/999-----
05-27 15:40:28 Epoch 32 Train, Loss: 485860.87, MSE: 3167.13 MAE: 839.90, Cost 125.0 sec
05-27 15:40:29 -----Epoch 33/999-----
05-27 15:42:32 Epoch 33 Train, Loss: 495007.04, MSE: 3430.83 MAE: 848.50, Cost 123.8 sec
05-27 15:42:33 -----Epoch 34/999-----
05-27 15:44:37 Epoch 34 Train, Loss: 491197.34, MSE: 3515.57 MAE: 846.66, Cost 124.1 sec
05-27 15:44:38 -----Epoch 35/999-----
05-27 15:46:42 Epoch 35 Train, Loss: 499897.14, MSE: 3536.58 MAE: 859.95, Cost 124.2 sec
05-27 15:46:43 -----Epoch 36/999-----
05-27 15:48:47 Epoch 36 Train, Loss: 469602.57, MSE: 3254.01 MAE: 822.86, Cost 124.2 sec
05-27 15:48:48 -----Epoch 37/999-----
05-27 15:50:52 Epoch 37 Train, Loss: 471177.47, MSE: 3400.34 MAE: 808.88, Cost 124.4 sec
05-27 15:50:53 -----Epoch 38/999-----
05-27 15:52:57 Epoch 38 Train, Loss: 465670.81, MSE: 3237.96 MAE: 790.82, Cost 124.5 sec
05-27 15:52:58 -----Epoch 39/999-----
05-27 15:54:38 Epoch 39 Train, Loss: 460393.75, MSE: 3342.53 MAE: 791.53, Cost 99.3 sec
05-27 15:54:38 -----Epoch 40/999-----
05-27 15:56:17 Epoch 40 Train, Loss: 441201.80, MSE: 3014.06 MAE: 735.07, Cost 98.4 sec
05-27 15:56:17 -----Epoch 41/999-----
05-27 15:57:55 Epoch 41 Train, Loss: 448127.09, MSE: 3256.35 MAE: 753.97, Cost 97.5 sec
05-27 15:57:55 -----Epoch 42/999-----
05-27 15:59:33 Epoch 42 Train, Loss: 447148.42, MSE: 3027.04 MAE: 751.94, Cost 97.9 sec
05-27 15:59:34 -----Epoch 43/999-----
05-27 16:01:12 Epoch 43 Train, Loss: 427874.64, MSE: 3051.41 MAE: 749.76, Cost 98.4 sec
05-27 16:01:13 -----Epoch 44/999-----
05-27 16:02:51 Epoch 44 Train, Loss: 430944.52, MSE: 3022.85 MAE: 732.87, Cost 97.8 sec
05-27 16:02:52 -----Epoch 45/999-----
05-27 16:04:30 Epoch 45 Train, Loss: 426414.49, MSE: 3096.84 MAE: 702.94, Cost 98.3 sec
05-27 16:04:31 -----Epoch 46/999-----
05-27 16:06:09 Epoch 46 Train, Loss: 436515.77, MSE: 3059.12 MAE: 707.89, Cost 98.3 sec
05-27 16:06:10 -----Epoch 47/999-----
05-27 16:07:48 Epoch 47 Train, Loss: 420285.75, MSE: 2824.02 MAE: 689.81, Cost 98.3 sec
05-27 16:07:49 -----Epoch 48/999-----
05-27 16:09:27 Epoch 48 Train, Loss: 412031.57, MSE: 3007.12 MAE: 691.86, Cost 98.2 sec
05-27 16:09:27 -----Epoch 49/999-----
05-27 16:11:05 Epoch 49 Train, Loss: 414090.40, MSE: 2978.76 MAE: 702.01, Cost 97.4 sec
05-27 16:11:05 -----Epoch 50/999-----
05-27 16:12:43 Epoch 50 Train, Loss: 401483.13, MSE: 2992.10 MAE: 665.12, Cost 97.2 sec
05-27 16:14:04 Epoch 50 Val, MSE: 117.17 MAE: 22.03, Cost 81.0 sec
05-27 16:14:04 SAVE best mse 117.17 mae 22.03 model @epoch 50
05-27 16:14:05 best mae 22.03 mse 117.17 @epoch 50
05-27 16:14:05 -----Epoch 51/999-----
05-27 16:16:07 Epoch 51 Train, Loss: 399100.69, MSE: 2849.12 MAE: 655.39, Cost 122.9 sec
05-27 16:16:08 -----Epoch 52/999-----
05-27 16:18:12 Epoch 52 Train, Loss: 395443.08, MSE: 2687.70 MAE: 621.03, Cost 124.1 sec
05-27 16:18:13 -----Epoch 53/999-----
05-27 16:20:17 Epoch 53 Train, Loss: 393217.19, MSE: 2547.64 MAE: 630.32, Cost 124.1 sec
05-27 16:20:18 -----Epoch 54/999-----
05-27 16:22:22 Epoch 54 Train, Loss: 397671.45, MSE: 2861.34 MAE: 645.50, Cost 124.7 sec
05-27 16:22:23 -----Epoch 55/999-----
05-27 16:24:27 Epoch 55 Train, Loss: 420974.46, MSE: 3023.02 MAE: 651.91, Cost 124.3 sec
05-27 16:24:28 -----Epoch 56/999-----
05-27 16:26:32 Epoch 56 Train, Loss: 387411.36, MSE: 2670.77 MAE: 639.19, Cost 123.9 sec
05-27 16:26:33 -----Epoch 57/999-----
05-27 16:28:36 Epoch 57 Train, Loss: 373688.67, MSE: 2698.73 MAE: 621.90, Cost 123.5 sec
05-27 16:28:37 -----Epoch 58/999-----
05-27 16:30:41 Epoch 58 Train, Loss: 389739.47, MSE: 2970.64 MAE: 643.33, Cost 124.4 sec
05-27 16:30:42 -----Epoch 59/999-----
05-27 16:32:46 Epoch 59 Train, Loss: 371880.55, MSE: 2514.86 MAE: 599.15, Cost 123.9 sec
05-27 16:32:47 -----Epoch 60/999-----
05-27 16:34:51 Epoch 60 Train, Loss: 379818.73, MSE: 2941.11 MAE: 619.74, Cost 124.3 sec
05-27 16:35:17 Epoch 60 Val, MSE: 117.12 MAE: 21.12, Cost 25.8 sec
05-27 16:35:17 SAVE best mse 117.12 mae 21.12 model @epoch 60
05-27 16:35:18 best mae 21.12 mse 117.12 @epoch 60
05-27 16:35:18 -----Epoch 61/999-----
05-27 16:37:15 Epoch 61 Train, Loss: 382181.12, MSE: 2957.52 MAE: 605.14, Cost 116.9 sec
05-27 16:37:15 -----Epoch 62/999-----
05-27 16:38:54 Epoch 62 Train, Loss: 373334.22, MSE: 2961.42 MAE: 595.68, Cost 98.3 sec
05-27 16:38:54 -----Epoch 63/999-----
05-27 16:40:32 Epoch 63 Train, Loss: 362824.82, MSE: 2519.34 MAE: 578.35, Cost 97.4 sec
05-27 16:40:32 -----Epoch 64/999-----
05-27 16:42:10 Epoch 64 Train, Loss: 355603.80, MSE: 2483.88 MAE: 570.79, Cost 97.3 sec
05-27 16:42:10 -----Epoch 65/999-----
05-27 16:43:48 Epoch 65 Train, Loss: 356186.25, MSE: 2614.03 MAE: 587.53, Cost 97.6 sec
05-27 16:43:49 -----Epoch 66/999-----
05-27 16:45:26 Epoch 66 Train, Loss: 346349.15, MSE: 2251.42 MAE: 546.56, Cost 97.5 sec
05-27 16:45:27 -----Epoch 67/999-----
05-27 16:47:04 Epoch 67 Train, Loss: 353503.97, MSE: 2673.08 MAE: 550.97, Cost 97.5 sec
05-27 16:47:05 -----Epoch 68/999-----
05-27 16:48:42 Epoch 68 Train, Loss: 359185.33, MSE: 2771.35 MAE: 554.02, Cost 97.5 sec
05-27 16:48:43 -----Epoch 69/999-----
05-27 16:50:20 Epoch 69 Train, Loss: 350022.24, MSE: 2738.66 MAE: 564.31, Cost 97.4 sec
05-27 16:50:21 -----Epoch 70/999-----
05-27 16:51:58 Epoch 70 Train, Loss: 340969.52, MSE: 2422.06 MAE: 555.96, Cost 97.4 sec
05-27 16:52:23 Epoch 70 Val, MSE: 122.04 MAE: 21.83, Cost 24.2 sec
05-27 16:52:23 best mae 21.12 mse 117.12 @epoch 60
05-27 16:52:23 -----Epoch 71/999-----
05-27 16:54:01 Epoch 71 Train, Loss: 339992.61, MSE: 2356.30 MAE: 556.29, Cost 97.4 sec
05-27 16:54:01 -----Epoch 72/999-----
05-27 16:55:38 Epoch 72 Train, Loss: 351005.94, MSE: 2650.99 MAE: 580.73, Cost 97.0 sec
05-27 16:55:39 -----Epoch 73/999-----
05-27 16:57:16 Epoch 73 Train, Loss: 321028.97, MSE: 2096.98 MAE: 520.22, Cost 97.3 sec
05-27 16:57:17 -----Epoch 74/999-----
05-27 16:58:54 Epoch 74 Train, Loss: 335329.73, MSE: 2567.28 MAE: 526.75, Cost 97.3 sec
05-27 16:58:55 -----Epoch 75/999-----
05-27 17:00:32 Epoch 75 Train, Loss: 332403.41, MSE: 2435.01 MAE: 515.69, Cost 97.2 sec
05-27 17:00:33 -----Epoch 76/999-----
05-27 17:02:10 Epoch 76 Train, Loss: 337142.83, MSE: 2673.24 MAE: 532.62, Cost 97.2 sec
05-27 17:02:11 -----Epoch 77/999-----
05-27 17:03:48 Epoch 77 Train, Loss: 330576.59, MSE: 2606.92 MAE: 536.33, Cost 97.4 sec
05-27 17:03:49 -----Epoch 78/999-----
05-27 17:05:52 Epoch 78 Train, Loss: 328785.17, MSE: 2588.48 MAE: 520.15, Cost 122.9 sec
05-27 17:05:53 -----Epoch 79/999-----
05-27 17:07:57 Epoch 79 Train, Loss: 314322.78, MSE: 2416.05 MAE: 516.65, Cost 124.8 sec
05-27 17:07:58 -----Epoch 80/999-----
05-27 17:10:02 Epoch 80 Train, Loss: 315870.28, MSE: 2530.63 MAE: 513.22, Cost 124.2 sec
05-27 17:10:29 Epoch 80 Val, MSE: 122.11 MAE: 20.93, Cost 25.7 sec
05-27 17:10:29 SAVE best mse 122.11 mae 20.93 model @epoch 80
05-27 17:10:29 best mae 20.93 mse 122.11 @epoch 80
05-27 17:10:29 -----Epoch 81/999-----
05-27 17:12:33 Epoch 81 Train, Loss: 316413.88, MSE: 2487.64 MAE: 539.01, Cost 123.8 sec
05-27 17:12:34 -----Epoch 82/999-----
05-27 17:14:38 Epoch 82 Train, Loss: 312901.46, MSE: 2318.71 MAE: 519.18, Cost 124.4 sec
05-27 17:14:39 -----Epoch 83/999-----
05-27 17:16:43 Epoch 83 Train, Loss: 297748.78, MSE: 2346.61 MAE: 486.51, Cost 124.4 sec
05-27 17:16:44 -----Epoch 84/999-----
05-27 17:18:47 Epoch 84 Train, Loss: 301596.90, MSE: 2187.61 MAE: 480.02, Cost 123.6 sec
05-27 17:18:48 -----Epoch 85/999-----
05-27 17:20:53 Epoch 85 Train, Loss: 296031.94, MSE: 1922.41 MAE: 474.34, Cost 124.9 sec
05-27 17:20:54 -----Epoch 86/999-----
05-27 17:22:58 Epoch 86 Train, Loss: 307797.98, MSE: 2166.17 MAE: 494.94, Cost 124.2 sec
05-27 17:22:59 -----Epoch 87/999-----
05-27 17:25:02 Epoch 87 Train, Loss: 306073.19, MSE: 2273.72 MAE: 486.69, Cost 123.3 sec
05-27 17:25:03 -----Epoch 88/999-----
05-27 17:27:04 Epoch 88 Train, Loss: 298047.53, MSE: 2022.45 MAE: 472.48, Cost 121.9 sec
05-27 17:27:05 -----Epoch 89/999-----
05-27 17:28:43 Epoch 89 Train, Loss: 294419.94, MSE: 2262.48 MAE: 468.21, Cost 97.8 sec
05-27 17:28:44 -----Epoch 90/999-----
05-27 17:30:21 Epoch 90 Train, Loss: 278245.01, MSE: 1996.38 MAE: 459.12, Cost 97.8 sec
05-27 17:30:45 Epoch 90 Val, MSE: 125.39 MAE: 22.42, Cost 23.4 sec
05-27 17:30:45 best mae 20.93 mse 122.11 @epoch 80
05-27 17:30:45 -----Epoch 91/999-----
05-27 17:32:23 Epoch 91 Train, Loss: 263914.59, MSE: 1683.07 MAE: 436.71, Cost 97.8 sec
05-27 17:32:24 -----Epoch 92/999-----
05-27 17:34:02 Epoch 92 Train, Loss: 291315.94, MSE: 2267.32 MAE: 438.28, Cost 97.8 sec
05-27 17:34:02 -----Epoch 93/999-----
05-27 17:35:41 Epoch 93 Train, Loss: 288765.08, MSE: 2250.38 MAE: 499.81, Cost 98.4 sec
05-27 17:35:41 -----Epoch 94/999-----
05-27 17:37:20 Epoch 94 Train, Loss: 277878.51, MSE: 1771.89 MAE: 472.17, Cost 98.3 sec
05-27 17:37:20 -----Epoch 95/999-----
05-27 17:38:59 Epoch 95 Train, Loss: 303869.57, MSE: 2442.43 MAE: 475.05, Cost 98.3 sec
05-27 17:38:59 -----Epoch 96/999-----
05-27 17:40:37 Epoch 96 Train, Loss: 290633.24, MSE: 2235.09 MAE: 456.08, Cost 97.7 sec
05-27 17:40:38 -----Epoch 97/999-----
05-27 17:42:16 Epoch 97 Train, Loss: 269797.93, MSE: 2034.88 MAE: 423.96, Cost 97.9 sec
05-27 17:42:16 -----Epoch 98/999-----
05-27 17:43:54 Epoch 98 Train, Loss: 261946.29, MSE: 1678.34 MAE: 411.40, Cost 97.9 sec
05-27 17:43:55 -----Epoch 99/999-----
05-27 17:45:33 Epoch 99 Train, Loss: 258866.26, MSE: 1677.03 MAE: 405.90, Cost 97.6 sec
05-27 17:45:33 -----Epoch 100/999-----
05-27 17:47:12 Epoch 100 Train, Loss: 265725.34, MSE: 2008.11 MAE: 422.25, Cost 98.3 sec
05-27 17:47:38 Epoch 100 Val, MSE: 119.16 MAE: 21.34, Cost 24.1 sec
05-27 17:47:38 best mae 20.93 mse 122.11 @epoch 80
05-27 17:47:38 -----Epoch 101/999-----
05-27 17:49:16 Epoch 101 Train, Loss: 276533.38, MSE: 2052.32 MAE: 436.85, Cost 97.4 sec
05-27 17:49:16 -----Epoch 102/999-----
05-27 17:50:53 Epoch 102 Train, Loss: 250605.73, MSE: 1826.61 MAE: 423.76, Cost 97.2 sec
05-27 17:50:54 -----Epoch 103/999-----
05-27 17:52:32 Epoch 103 Train, Loss: 262948.86, MSE: 2118.54 MAE: 437.82, Cost 97.5 sec
05-27 17:52:32 -----Epoch 104/999-----
05-27 17:54:28 Epoch 104 Train, Loss: 258283.68, MSE: 1725.77 MAE: 435.74, Cost 115.9 sec
05-27 17:54:29 -----Epoch 105/999-----
05-27 17:56:32 Epoch 105 Train, Loss: 269438.15, MSE: 2337.86 MAE: 455.05, Cost 123.3 sec
05-27 17:56:33 -----Epoch 106/999-----
05-27 17:58:37 Epoch 106 Train, Loss: 260935.01, MSE: 2146.73 MAE: 447.15, Cost 124.0 sec
05-27 17:58:38 -----Epoch 107/999-----
05-27 18:00:41 Epoch 107 Train, Loss: 252433.21, MSE: 1516.45 MAE: 423.00, Cost 123.7 sec
05-27 18:00:42 -----Epoch 108/999-----
05-27 18:02:47 Epoch 108 Train, Loss: 263015.62, MSE: 1970.10 MAE: 405.88, Cost 124.7 sec
05-27 18:02:47 -----Epoch 109/999-----
05-27 18:04:52 Epoch 109 Train, Loss: 252525.19, MSE: 1799.83 MAE: 388.99, Cost 124.7 sec
05-27 18:04:53 -----Epoch 110/999-----
05-27 18:06:57 Epoch 110 Train, Loss: 263461.56, MSE: 2107.76 MAE: 418.23, Cost 124.6 sec
05-27 18:07:23 Epoch 110 Val, MSE: 125.84 MAE: 23.31, Cost 25.1 sec
05-27 18:07:23 best mae 20.93 mse 122.11 @epoch 80
05-27 18:07:23 -----Epoch 111/999-----
05-27 18:09:28 Epoch 111 Train, Loss: 258480.89, MSE: 2073.96 MAE: 425.85, Cost 124.7 sec
05-27 18:09:29 -----Epoch 112/999-----
05-27 18:11:33 Epoch 112 Train, Loss: 247379.29, MSE: 1931.82 MAE: 417.46, Cost 124.4 sec
05-27 18:11:34 -----Epoch 113/999-----
05-27 18:13:38 Epoch 113 Train, Loss: 248502.51, MSE: 1604.52 MAE: 409.09, Cost 124.2 sec
05-27 18:13:39 -----Epoch 114/999-----
05-27 18:15:42 Epoch 114 Train, Loss: 243317.19, MSE: 1775.34 MAE: 390.52, Cost 123.9 sec
05-27 18:15:43 -----Epoch 115/999-----
05-27 18:17:26 Epoch 115 Train, Loss: 246702.40, MSE: 1971.77 MAE: 400.68, Cost 102.7 sec
05-27 18:17:26 -----Epoch 116/999-----
05-27 18:19:04 Epoch 116 Train, Loss: 236193.53, MSE: 1514.19 MAE: 371.55, Cost 97.3 sec
05-27 18:19:04 -----Epoch 117/999-----
05-27 18:20:42 Epoch 117 Train, Loss: 242395.13, MSE: 1945.49 MAE: 381.87, Cost 97.0 sec
05-27 18:20:42 -----Epoch 118/999-----
05-27 18:22:20 Epoch 118 Train, Loss: 238400.17, MSE: 1728.64 MAE: 394.70, Cost 97.7 sec
05-27 18:22:21 -----Epoch 119/999-----
05-27 18:23:58 Epoch 119 Train, Loss: 228353.21, MSE: 1564.64 MAE: 383.36, Cost 97.3 sec
05-27 18:23:58 -----Epoch 120/999-----
05-27 18:25:36 Epoch 120 Train, Loss: 229773.46, MSE: 1782.46 MAE: 367.40, Cost 97.9 sec
05-27 18:26:00 Epoch 120 Val, MSE: 121.49 MAE: 21.10, Cost 22.8 sec
05-27 18:26:00 best mae 20.93 mse 122.11 @epoch 80
05-27 18:26:00 -----Epoch 121/999-----
05-27 18:27:37 Epoch 121 Train, Loss: 221480.97, MSE: 1266.78 MAE: 351.36, Cost 97.3 sec
05-27 18:27:38 -----Epoch 122/999-----
05-27 18:29:15 Epoch 122 Train, Loss: 231591.33, MSE: 1685.49 MAE: 384.42, Cost 97.3 sec
05-27 18:29:16 -----Epoch 123/999-----
05-27 18:30:53 Epoch 123 Train, Loss: 233838.33, MSE: 1713.96 MAE: 384.99, Cost 97.4 sec
05-27 18:30:54 -----Epoch 124/999-----
05-27 18:32:31 Epoch 124 Train, Loss: 226838.24, MSE: 1536.96 MAE: 377.19, Cost 97.4 sec
05-27 18:32:32 -----Epoch 125/999-----
05-27 18:34:10 Epoch 125 Train, Loss: 218578.10, MSE: 1356.11 MAE: 359.31, Cost 97.9 sec
05-27 18:34:10 -----Epoch 126/999-----
05-27 18:35:48 Epoch 126 Train, Loss: 224701.89, MSE: 1752.89 MAE: 379.07, Cost 97.3 sec
05-27 18:35:48 -----Epoch 127/999-----
05-27 18:37:26 Epoch 127 Train, Loss: 219756.10, MSE: 1357.02 MAE: 359.99, Cost 97.4 sec
05-27 18:37:26 -----Epoch 128/999-----
05-27 18:39:04 Epoch 128 Train, Loss: 226142.18, MSE: 1817.29 MAE: 374.66, Cost 97.3 sec
05-27 18:39:05 -----Epoch 129/999-----
05-27 18:40:42 Epoch 129 Train, Loss: 216319.10, MSE: 1404.22 MAE: 363.83, Cost 97.3 sec
05-27 18:40:43 -----Epoch 130/999-----
05-27 18:42:20 Epoch 130 Train, Loss: 233762.55, MSE: 1854.53 MAE: 364.94, Cost 97.5 sec
05-27 18:42:45 Epoch 130 Val, MSE: 123.43 MAE: 21.72, Cost 24.7 sec
05-27 18:42:45 best mae 20.93 mse 122.11 @epoch 80
05-27 18:42:45 -----Epoch 131/999-----
05-27 18:44:50 Epoch 131 Train, Loss: 222996.53, MSE: 1681.74 MAE: 368.23, Cost 124.3 sec
05-27 18:44:50 -----Epoch 132/999-----
05-27 18:46:55 Epoch 132 Train, Loss: 222700.09, MSE: 1842.83 MAE: 373.66, Cost 124.8 sec
05-27 18:46:56 -----Epoch 133/999-----
05-27 18:48:59 Epoch 133 Train, Loss: 204745.27, MSE: 1386.55 MAE: 339.98, Cost 123.5 sec
05-27 18:49:00 -----Epoch 134/999-----
05-27 18:51:05 Epoch 134 Train, Loss: 212485.77, MSE: 1561.71 MAE: 345.14, Cost 125.1 sec
05-27 18:51:06 -----Epoch 135/999-----
05-27 18:53:09 Epoch 135 Train, Loss: 205659.72, MSE: 1631.36 MAE: 351.11, Cost 123.3 sec
05-27 18:53:10 -----Epoch 136/999-----
05-27 18:55:13 Epoch 136 Train, Loss: 207212.21, MSE: 1462.17 MAE: 338.26, Cost 123.3 sec
05-27 18:55:14 -----Epoch 137/999-----
05-27 18:57:17 Epoch 137 Train, Loss: 213145.57, MSE: 1648.09 MAE: 346.12, Cost 123.7 sec
05-27 18:57:18 -----Epoch 138/999-----
05-27 18:59:22 Epoch 138 Train, Loss: 212675.37, MSE: 1724.64 MAE: 334.18, Cost 124.1 sec
05-27 18:59:23 -----Epoch 139/999-----
05-27 19:01:27 Epoch 139 Train, Loss: 214849.14, MSE: 1672.25 MAE: 342.13, Cost 124.5 sec
05-27 19:01:28 -----Epoch 140/999-----
05-27 19:03:31 Epoch 140 Train, Loss: 217592.26, MSE: 1840.40 MAE: 391.93, Cost 123.3 sec
05-27 19:03:57 Epoch 140 Val, MSE: 123.85 MAE: 20.95, Cost 24.5 sec
05-27 19:03:57 best mae 20.93 mse 122.11 @epoch 80
05-27 19:03:57 -----Epoch 141/999-----
05-27 19:05:57 Epoch 141 Train, Loss: 201493.82, MSE: 1295.17 MAE: 353.15, Cost 120.3 sec
05-27 19:05:58 -----Epoch 142/999-----
05-27 19:07:36 Epoch 142 Train, Loss: 203150.00, MSE: 1476.67 MAE: 355.38, Cost 98.1 sec
05-27 19:07:36 -----Epoch 143/999-----
05-27 19:09:14 Epoch 143 Train, Loss: 217485.49, MSE: 1521.27 MAE: 347.94, Cost 97.6 sec
05-27 19:09:15 -----Epoch 144/999-----
05-27 19:10:52 Epoch 144 Train, Loss: 205497.42, MSE: 1415.08 MAE: 333.48, Cost 97.6 sec
05-27 19:10:53 -----Epoch 145/999-----
05-27 19:12:31 Epoch 145 Train, Loss: 204074.32, MSE: 1608.21 MAE: 353.58, Cost 97.6 sec
05-27 19:12:31 -----Epoch 146/999-----
05-27 19:14:09 Epoch 146 Train, Loss: 214325.76, MSE: 1687.81 MAE: 371.68, Cost 97.8 sec
05-27 19:14:10 -----Epoch 147/999-----
05-27 19:15:47 Epoch 147 Train, Loss: 202724.24, MSE: 1350.20 MAE: 313.73, Cost 97.7 sec
05-27 19:15:48 -----Epoch 148/999-----
05-27 19:17:26 Epoch 148 Train, Loss: 196449.96, MSE: 1354.56 MAE: 325.72, Cost 98.2 sec
05-27 19:17:27 -----Epoch 149/999-----
05-27 19:19:04 Epoch 149 Train, Loss: 200166.60, MSE: 1320.51 MAE: 308.87, Cost 97.7 sec
05-27 19:19:05 -----Epoch 150/999-----
05-27 19:20:43 Epoch 150 Train, Loss: 198340.79, MSE: 1374.18 MAE: 312.66, Cost 97.7 sec
05-27 19:21:06 Epoch 150 Val, MSE: 130.75 MAE: 22.30, Cost 22.9 sec
05-27 19:21:06 best mae 20.93 mse 122.11 @epoch 80
05-27 19:21:06 -----Epoch 151/999-----
05-27 19:22:44 Epoch 151 Train, Loss: 199082.48, MSE: 1598.87 MAE: 315.16, Cost 97.7 sec
05-27 19:22:45 -----Epoch 152/999-----
05-27 19:24:23 Epoch 152 Train, Loss: 192778.51, MSE: 1434.86 MAE: 314.11, Cost 98.1 sec
05-27 19:24:24 -----Epoch 153/999-----
05-27 19:26:02 Epoch 153 Train, Loss: 202133.01, MSE: 1592.44 MAE: 327.57, Cost 98.3 sec
05-27 19:26:03 -----Epoch 154/999-----
05-27 19:27:40 Epoch 154 Train, Loss: 199037.15, MSE: 1505.92 MAE: 358.83, Cost 97.6 sec
05-27 19:27:41 -----Epoch 155/999-----
05-27 19:29:19 Epoch 155 Train, Loss: 204843.22, MSE: 1494.98 MAE: 327.88, Cost 97.8 sec
05-27 19:29:19 -----Epoch 156/999-----
05-27 19:30:56 Epoch 156 Train, Loss: 199423.58, MSE: 1543.50 MAE: 317.32, Cost 97.2 sec
05-27 19:30:57 -----Epoch 157/999-----
05-27 19:32:34 Epoch 157 Train, Loss: 185335.58, MSE: 1360.44 MAE: 301.90, Cost 97.3 sec
05-27 19:32:35 -----Epoch 158/999-----
05-27 19:34:37 Epoch 158 Train, Loss: 186749.71, MSE: 1556.99 MAE: 342.23, Cost 122.1 sec
05-27 19:34:38 -----Epoch 159/999-----
05-27 19:36:41 Epoch 159 Train, Loss: 192142.18, MSE: 1357.17 MAE: 330.67, Cost 123.5 sec
05-27 19:36:42 -----Epoch 160/999-----
05-27 19:38:46 Epoch 160 Train, Loss: 196043.05, MSE: 1211.53 MAE: 314.83, Cost 124.1 sec
05-27 19:39:12 Epoch 160 Val, MSE: 123.99 MAE: 22.61, Cost 25.5 sec
05-27 19:39:12 best mae 20.93 mse 122.11 @epoch 80
05-27 19:39:12 -----Epoch 161/999-----
05-27 19:41:15 Epoch 161 Train, Loss: 198122.42, MSE: 1191.66 MAE: 315.98, Cost 122.9 sec
05-27 19:41:16 -----Epoch 162/999-----
05-27 19:43:19 Epoch 162 Train, Loss: 184275.12, MSE: 1227.60 MAE: 307.85, Cost 123.2 sec
05-27 19:43:20 -----Epoch 163/999-----
05-27 19:45:22 Epoch 163 Train, Loss: 182878.06, MSE: 1380.97 MAE: 319.74, Cost 122.7 sec
05-27 19:45:23 -----Epoch 164/999-----
05-27 19:47:27 Epoch 164 Train, Loss: 185291.46, MSE: 1419.29 MAE: 309.54, Cost 124.0 sec
05-27 19:47:28 -----Epoch 165/999-----
05-27 19:49:31 Epoch 165 Train, Loss: 184333.50, MSE: 1492.40 MAE: 300.10, Cost 123.0 sec
05-27 19:49:32 -----Epoch 166/999-----
05-27 19:51:34 Epoch 166 Train, Loss: 175805.77, MSE: 1139.33 MAE: 288.20, Cost 122.9 sec
05-27 19:51:35 -----Epoch 167/999-----
05-27 19:53:38 Epoch 167 Train, Loss: 181306.01, MSE: 1396.80 MAE: 313.45, Cost 123.1 sec
05-27 19:53:39 -----Epoch 168/999-----
05-27 19:55:41 Epoch 168 Train, Loss: 183834.68, MSE: 1469.11 MAE: 304.68, Cost 122.5 sec
05-27 19:55:42 -----Epoch 169/999-----
05-27 19:57:20 Epoch 169 Train, Loss: 174259.79, MSE: 1069.40 MAE: 312.18, Cost 97.4 sec
05-27 19:57:20 -----Epoch 170/999-----
05-27 19:58:58 Epoch 170 Train, Loss: 185272.44, MSE: 1344.51 MAE: 318.13, Cost 97.3 sec
05-27 19:59:23 Epoch 170 Val, MSE: 121.77 MAE: 20.80, Cost 24.3 sec
05-27 19:59:23 SAVE best mse 121.77 mae 20.80 model @epoch 170
05-27 19:59:23 best mae 20.80 mse 121.77 @epoch 170
05-27 19:59:23 -----Epoch 171/999-----
05-27 20:01:00 Epoch 171 Train, Loss: 184555.40, MSE: 1307.12 MAE: 297.85, Cost 97.3 sec
05-27 20:01:01 -----Epoch 172/999-----
05-27 20:02:38 Epoch 172 Train, Loss: 179771.85, MSE: 1358.97 MAE: 300.26, Cost 97.4 sec
05-27 20:02:39 -----Epoch 173/999-----
05-27 20:04:16 Epoch 173 Train, Loss: 177267.70, MSE: 1377.79 MAE: 291.80, Cost 97.3 sec
05-27 20:04:17 -----Epoch 174/999-----
05-27 20:05:55 Epoch 174 Train, Loss: 167999.02, MSE: 1039.84 MAE: 281.43, Cost 97.4 sec
05-27 20:05:55 -----Epoch 175/999-----
05-27 20:07:33 Epoch 175 Train, Loss: 177890.26, MSE: 1410.94 MAE: 306.54, Cost 97.4 sec
05-27 20:07:33 -----Epoch 176/999-----
05-27 20:09:11 Epoch 176 Train, Loss: 175905.19, MSE: 1135.51 MAE: 275.32, Cost 97.5 sec
05-27 20:09:12 -----Epoch 177/999-----
05-27 20:10:49 Epoch 177 Train, Loss: 180692.51, MSE: 1485.26 MAE: 288.82, Cost 97.4 sec
05-27 20:10:50 -----Epoch 178/999-----
05-27 20:12:27 Epoch 178 Train, Loss: 177474.67, MSE: 1338.93 MAE: 315.40, Cost 97.8 sec
05-27 20:12:28 -----Epoch 179/999-----
05-27 20:14:05 Epoch 179 Train, Loss: 162828.98, MSE: 847.37 MAE: 279.16, Cost 97.2 sec
05-27 20:14:06 -----Epoch 180/999-----
05-27 20:15:44 Epoch 180 Train, Loss: 166545.21, MSE: 1099.11 MAE: 276.01, Cost 97.9 sec
05-27 20:16:08 Epoch 180 Val, MSE: 128.66 MAE: 21.09, Cost 22.9 sec
05-27 20:16:08 best mae 20.80 mse 121.77 @epoch 170
05-27 20:16:08 -----Epoch 181/999-----
05-27 20:17:45 Epoch 181 Train, Loss: 173226.10, MSE: 1234.88 MAE: 298.22, Cost 97.5 sec
05-27 20:17:46 -----Epoch 182/999-----
05-27 20:19:23 Epoch 182 Train, Loss: 185143.19, MSE: 1584.34 MAE: 330.84, Cost 97.2 sec
05-27 20:19:24 -----Epoch 183/999-----
05-27 20:21:01 Epoch 183 Train, Loss: 169070.54, MSE: 1130.71 MAE: 290.10, Cost 97.5 sec
05-27 20:21:02 -----Epoch 184/999-----
05-27 20:22:55 Epoch 184 Train, Loss: 161157.81, MSE: 990.49 MAE: 285.69, Cost 112.8 sec
05-27 20:22:55 -----Epoch 185/999-----
05-27 20:24:58 Epoch 185 Train, Loss: 167936.99, MSE: 1509.72 MAE: 296.95, Cost 122.9 sec
05-27 20:24:59 -----Epoch 186/999-----
05-27 20:27:03 Epoch 186 Train, Loss: 168573.08, MSE: 1283.71 MAE: 301.55, Cost 124.2 sec
05-27 20:27:04 -----Epoch 187/999-----
05-27 20:29:07 Epoch 187 Train, Loss: 164194.65, MSE: 1253.99 MAE: 301.06, Cost 123.1 sec
05-27 20:29:08 -----Epoch 188/999-----
05-27 20:31:12 Epoch 188 Train, Loss: 178731.89, MSE: 1350.16 MAE: 298.60, Cost 124.4 sec
05-27 20:31:13 -----Epoch 189/999-----
05-27 20:33:16 Epoch 189 Train, Loss: 176748.66, MSE: 1096.84 MAE: 275.89, Cost 123.4 sec
05-27 20:33:17 -----Epoch 190/999-----
05-27 20:35:20 Epoch 190 Train, Loss: 170052.07, MSE: 1186.50 MAE: 273.60, Cost 122.9 sec
05-27 20:35:46 Epoch 190 Val, MSE: 128.93 MAE: 21.93, Cost 25.5 sec
05-27 20:35:46 best mae 20.80 mse 121.77 @epoch 170
05-27 20:35:46 -----Epoch 191/999-----
05-27 20:37:50 Epoch 191 Train, Loss: 157771.98, MSE: 979.55 MAE: 264.16, Cost 124.4 sec
05-27 20:37:51 -----Epoch 192/999-----
05-27 20:39:56 Epoch 192 Train, Loss: 160650.26, MSE: 1086.36 MAE: 266.05, Cost 125.1 sec
05-27 20:39:57 -----Epoch 193/999-----
05-27 20:42:01 Epoch 193 Train, Loss: 164285.05, MSE: 1262.22 MAE: 273.65, Cost 124.4 sec
05-27 20:42:02 -----Epoch 194/999-----
05-27 20:44:06 Epoch 194 Train, Loss: 167518.89, MSE: 882.34 MAE: 253.38, Cost 124.2 sec
05-27 20:44:07 -----Epoch 195/999-----
05-27 20:45:52 Epoch 195 Train, Loss: 165777.95, MSE: 1256.80 MAE: 258.38, Cost 105.1 sec
05-27 20:45:53 -----Epoch 196/999-----
05-27 20:47:31 Epoch 196 Train, Loss: 159393.83, MSE: 1096.42 MAE: 288.59, Cost 98.2 sec
05-27 20:47:31 -----Epoch 197/999-----
05-27 20:49:09 Epoch 197 Train, Loss: 165945.93, MSE: 1342.70 MAE: 320.54, Cost 97.1 sec
05-27 20:49:09 -----Epoch 198/999-----
05-27 20:50:47 Epoch 198 Train, Loss: 158136.82, MSE: 1023.30 MAE: 276.84, Cost 97.4 sec
05-27 20:50:47 -----Epoch 199/999-----
05-27 20:52:25 Epoch 199 Train, Loss: 151022.45, MSE: 922.50 MAE: 263.14, Cost 97.4 sec
05-27 20:52:25 -----Epoch 200/999-----
05-27 20:54:03 Epoch 200 Train, Loss: 163266.23, MSE: 1232.38 MAE: 285.61, Cost 97.4 sec
05-27 20:54:25 Epoch 200 Val, MSE: 127.36 MAE: 20.59, Cost 21.4 sec
05-27 20:54:25 SAVE best mse 127.36 mae 20.59 model @epoch 200
05-27 20:54:26 best mae 20.59 mse 127.36 @epoch 200
05-27 20:54:26 -----Epoch 201/999-----
05-27 20:56:03 Epoch 201 Train, Loss: 156606.03, MSE: 1101.53 MAE: 261.29, Cost 97.3 sec
05-27 20:56:04 -----Epoch 202/999-----
05-27 20:57:41 Epoch 202 Train, Loss: 152241.64, MSE: 1108.61 MAE: 265.26, Cost 97.5 sec
05-27 20:57:42 -----Epoch 203/999-----
05-27 20:59:19 Epoch 203 Train, Loss: 150698.93, MSE: 1058.44 MAE: 269.90, Cost 97.5 sec
05-27 20:59:20 -----Epoch 204/999-----
05-27 21:00:57 Epoch 204 Train, Loss: 157364.04, MSE: 1231.03 MAE: 301.88, Cost 97.4 sec
05-27 21:00:58 -----Epoch 205/999-----
05-27 21:02:35 Epoch 205 Train, Loss: 158447.91, MSE: 1264.96 MAE: 302.41, Cost 97.3 sec
05-27 21:02:36 -----Epoch 206/999-----
05-27 21:04:13 Epoch 206 Train, Loss: 152681.67, MSE: 1105.33 MAE: 270.85, Cost 97.2 sec
05-27 21:04:14 -----Epoch 207/999-----
05-27 21:05:51 Epoch 207 Train, Loss: 151966.72, MSE: 1070.56 MAE: 272.48, Cost 97.3 sec
05-27 21:05:52 -----Epoch 208/999-----
05-27 21:07:29 Epoch 208 Train, Loss: 147139.96, MSE: 895.64 MAE: 266.08, Cost 97.4 sec
05-27 21:07:30 -----Epoch 209/999-----
05-27 21:09:07 Epoch 209 Train, Loss: 151205.30, MSE: 1016.20 MAE: 246.72, Cost 97.3 sec
05-27 21:09:08 -----Epoch 210/999-----
05-27 21:10:45 Epoch 210 Train, Loss: 151528.73, MSE: 860.08 MAE: 254.82, Cost 97.3 sec
05-27 21:11:09 Epoch 210 Val, MSE: 124.86 MAE: 20.62, Cost 22.6 sec
05-27 21:11:09 best mae 20.59 mse 127.36 @epoch 200
05-27 21:11:09 -----Epoch 211/999-----
05-27 21:13:13 Epoch 211 Train, Loss: 157940.92, MSE: 1072.41 MAE: 271.53, Cost 123.9 sec
05-27 21:13:13 -----Epoch 212/999-----
05-27 21:15:17 Epoch 212 Train, Loss: 155306.40, MSE: 1130.13 MAE: 258.35, Cost 123.6 sec
05-27 21:15:18 -----Epoch 213/999-----
05-27 21:17:21 Epoch 213 Train, Loss: 152884.27, MSE: 1056.55 MAE: 254.06, Cost 123.4 sec
05-27 21:17:22 -----Epoch 214/999-----
05-27 21:19:25 Epoch 214 Train, Loss: 149740.02, MSE: 911.00 MAE: 237.75, Cost 123.5 sec
05-27 21:19:26 -----Epoch 215/999-----
05-27 21:21:29 Epoch 215 Train, Loss: 142183.87, MSE: 716.55 MAE: 238.43, Cost 122.9 sec
05-27 21:21:29 -----Epoch 216/999-----
05-27 21:23:34 Epoch 216 Train, Loss: 146591.04, MSE: 998.91 MAE: 247.25, Cost 124.3 sec
05-27 21:23:34 -----Epoch 217/999-----
05-27 21:25:38 Epoch 217 Train, Loss: 151098.00, MSE: 1067.82 MAE: 271.33, Cost 124.0 sec
05-27 21:25:39 -----Epoch 218/999-----
05-27 21:27:44 Epoch 218 Train, Loss: 148618.80, MSE: 1081.87 MAE: 260.08, Cost 124.7 sec
05-27 21:27:45 -----Epoch 219/999-----
05-27 21:29:49 Epoch 219 Train, Loss: 148432.40, MSE: 1285.98 MAE: 281.51, Cost 124.3 sec
05-27 21:29:50 -----Epoch 220/999-----
05-27 21:31:53 Epoch 220 Train, Loss: 141960.16, MSE: 1127.04 MAE: 258.49, Cost 123.7 sec
05-27 21:32:21 Epoch 220 Val, MSE: 120.14 MAE: 22.25, Cost 26.9 sec
05-27 21:32:21 best mae 20.59 mse 127.36 @epoch 200
05-27 21:32:21 -----Epoch 221/999-----
05-27 21:34:23 Epoch 221 Train, Loss: 149146.14, MSE: 1132.49 MAE: 263.14, Cost 121.8 sec
05-27 21:34:23 -----Epoch 222/999-----
05-27 21:36:01 Epoch 222 Train, Loss: 151238.59, MSE: 648.37 MAE: 240.55, Cost 98.0 sec
05-27 21:36:02 -----Epoch 223/999-----
05-27 21:37:39 Epoch 223 Train, Loss: 148493.97, MSE: 869.32 MAE: 234.45, Cost 97.2 sec
05-27 21:37:40 -----Epoch 224/999-----
05-27 21:39:17 Epoch 224 Train, Loss: 142472.12, MSE: 952.63 MAE: 245.69, Cost 97.4 sec
05-27 21:39:18 -----Epoch 225/999-----
05-27 21:40:56 Epoch 225 Train, Loss: 144611.43, MSE: 1128.34 MAE: 255.53, Cost 97.4 sec
05-27 21:40:56 -----Epoch 226/999-----
05-27 21:42:34 Epoch 226 Train, Loss: 141123.48, MSE: 718.04 MAE: 246.41, Cost 97.9 sec
05-27 21:42:35 -----Epoch 227/999-----
05-27 21:44:12 Epoch 227 Train, Loss: 143275.34, MSE: 1108.64 MAE: 249.83, Cost 97.3 sec
05-27 21:44:13 -----Epoch 228/999-----
05-27 21:45:50 Epoch 228 Train, Loss: 139026.14, MSE: 926.22 MAE: 253.42, Cost 97.3 sec
05-27 21:45:51 -----Epoch 229/999-----
05-27 21:47:28 Epoch 229 Train, Loss: 143004.57, MSE: 1030.03 MAE: 257.81, Cost 97.4 sec
05-27 21:47:29 -----Epoch 230/999-----
05-27 21:49:06 Epoch 230 Train, Loss: 143642.97, MSE: 935.44 MAE: 251.42, Cost 97.3 sec
05-27 21:49:31 Epoch 230 Val, MSE: 120.68 MAE: 21.28, Cost 24.4 sec
05-27 21:49:31 best mae 20.59 mse 127.36 @epoch 200
05-27 21:49:31 -----Epoch 231/999-----
05-27 21:51:09 Epoch 231 Train, Loss: 140233.51, MSE: 831.39 MAE: 239.94, Cost 97.4 sec
05-27 21:51:09 -----Epoch 232/999-----
05-27 21:52:47 Epoch 232 Train, Loss: 143678.87, MSE: 932.45 MAE: 246.28, Cost 97.2 sec
05-27 21:52:47 -----Epoch 233/999-----
05-27 21:54:25 Epoch 233 Train, Loss: 148154.94, MSE: 1001.91 MAE: 258.63, Cost 98.0 sec
05-27 21:54:26 -----Epoch 234/999-----
05-27 21:56:03 Epoch 234 Train, Loss: 144484.56, MSE: 866.74 MAE: 241.80, Cost 97.4 sec
05-27 21:56:04 -----Epoch 235/999-----
05-27 21:57:41 Epoch 235 Train, Loss: 138423.35, MSE: 920.98 MAE: 243.93, Cost 97.2 sec
05-27 21:57:42 -----Epoch 236/999-----
05-27 21:59:19 Epoch 236 Train, Loss: 147590.01, MSE: 1196.44 MAE: 300.35, Cost 97.3 sec
05-27 21:59:20 -----Epoch 237/999-----
05-27 22:01:00 Epoch 237 Train, Loss: 145647.24, MSE: 916.12 MAE: 271.87, Cost 100.4 sec
05-27 22:01:01 -----Epoch 238/999-----
05-27 22:03:05 Epoch 238 Train, Loss: 130359.67, MSE: 656.31 MAE: 228.40, Cost 123.6 sec
05-27 22:03:05 -----Epoch 239/999-----
05-27 22:05:09 Epoch 239 Train, Loss: 133634.03, MSE: 810.82 MAE: 240.30, Cost 123.4 sec
05-27 22:05:09 -----Epoch 240/999-----
05-27 22:07:14 Epoch 240 Train, Loss: 133751.25, MSE: 948.47 MAE: 235.15, Cost 124.2 sec
05-27 22:07:39 Epoch 240 Val, MSE: 118.95 MAE: 21.02, Cost 24.8 sec
05-27 22:07:39 best mae 20.59 mse 127.36 @epoch 200
05-27 22:07:39 -----Epoch 241/999-----
05-27 22:09:43 Epoch 241 Train, Loss: 134827.40, MSE: 952.60 MAE: 241.44, Cost 123.8 sec
05-27 22:09:44 -----Epoch 242/999-----
05-27 22:11:49 Epoch 242 Train, Loss: 128646.79, MSE: 711.87 MAE: 212.86, Cost 125.2 sec
05-27 22:11:49 -----Epoch 243/999-----
05-27 22:13:54 Epoch 243 Train, Loss: 132673.50, MSE: 956.43 MAE: 229.46, Cost 124.6 sec
05-27 22:13:55 -----Epoch 244/999-----
05-27 22:15:59 Epoch 244 Train, Loss: 134398.33, MSE: 807.70 MAE: 244.12, Cost 123.9 sec
05-27 22:15:59 -----Epoch 245/999-----
05-27 22:18:04 Epoch 245 Train, Loss: 130264.05, MSE: 878.67 MAE: 233.68, Cost 124.6 sec
05-27 22:18:05 -----Epoch 246/999-----
05-27 22:20:09 Epoch 246 Train, Loss: 137748.47, MSE: 910.37 MAE: 250.99, Cost 124.6 sec
05-27 22:20:10 -----Epoch 247/999-----
05-27 22:22:15 Epoch 247 Train, Loss: 141632.04, MSE: 1089.97 MAE: 252.16, Cost 125.3 sec
05-27 22:22:16 -----Epoch 248/999-----
05-27 22:24:12 Epoch 248 Train, Loss: 129628.09, MSE: 929.21 MAE: 234.33, Cost 116.5 sec
05-27 22:24:13 -----Epoch 249/999-----
05-27 22:25:51 Epoch 249 Train, Loss: 130896.39, MSE: 846.42 MAE: 245.90, Cost 98.5 sec
05-27 22:25:52 -----Epoch 250/999-----
05-27 22:27:30 Epoch 250 Train, Loss: 136795.96, MSE: 964.53 MAE: 262.78, Cost 97.6 sec
05-27 22:27:54 Epoch 250 Val, MSE: 122.11 MAE: 20.83, Cost 23.4 sec
05-27 22:27:54 best mae 20.59 mse 127.36 @epoch 200
05-27 22:27:54 -----Epoch 251/999-----
05-27 22:29:31 Epoch 251 Train, Loss: 135738.48, MSE: 746.35 MAE: 240.94, Cost 97.7 sec
05-27 22:29:32 -----Epoch 252/999-----
05-27 22:31:11 Epoch 252 Train, Loss: 132595.20, MSE: 1035.86 MAE: 234.72, Cost 98.4 sec
05-27 22:31:11 -----Epoch 253/999-----
05-27 22:32:49 Epoch 253 Train, Loss: 132328.18, MSE: 968.31 MAE: 235.01, Cost 97.8 sec
05-27 22:32:50 -----Epoch 254/999-----
05-27 22:34:28 Epoch 254 Train, Loss: 133823.25, MSE: 930.18 MAE: 243.27, Cost 98.3 sec
05-27 22:34:29 -----Epoch 255/999-----
05-27 22:36:07 Epoch 255 Train, Loss: 129390.63, MSE: 663.59 MAE: 235.63, Cost 98.3 sec
05-27 22:36:08 -----Epoch 256/999-----
05-27 22:37:46 Epoch 256 Train, Loss: 127633.80, MSE: 831.27 MAE: 232.90, Cost 98.3 sec
05-27 22:37:47 -----Epoch 257/999-----
05-27 22:39:25 Epoch 257 Train, Loss: 125206.92, MSE: 834.34 MAE: 238.64, Cost 98.4 sec
05-27 22:39:26 -----Epoch 258/999-----
05-27 22:41:04 Epoch 258 Train, Loss: 128300.98, MSE: 869.38 MAE: 237.10, Cost 98.3 sec
05-27 22:41:05 -----Epoch 259/999-----
05-27 22:42:43 Epoch 259 Train, Loss: 131256.68, MSE: 853.61 MAE: 225.85, Cost 97.6 sec
05-27 22:42:43 -----Epoch 260/999-----
05-27 22:44:22 Epoch 260 Train, Loss: 131058.14, MSE: 957.04 MAE: 234.92, Cost 98.3 sec
05-27 22:44:45 Epoch 260 Val, MSE: 119.77 MAE: 20.77, Cost 22.4 sec
05-27 22:44:45 best mae 20.59 mse 127.36 @epoch 200
05-27 22:44:45 -----Epoch 261/999-----
05-27 22:46:23 Epoch 261 Train, Loss: 127272.23, MSE: 1017.98 MAE: 244.57, Cost 98.4 sec
05-27 22:46:24 -----Epoch 262/999-----
05-27 22:48:02 Epoch 262 Train, Loss: 124845.60, MSE: 898.32 MAE: 237.67, Cost 98.1 sec
05-27 22:48:03 -----Epoch 263/999-----
05-27 22:49:40 Epoch 263 Train, Loss: 120890.26, MSE: 764.16 MAE: 221.25, Cost 97.8 sec
05-27 22:49:41 -----Epoch 264/999-----
05-27 22:51:35 Epoch 264 Train, Loss: 129707.99, MSE: 921.89 MAE: 235.88, Cost 113.8 sec
05-27 22:51:35 -----Epoch 265/999-----
05-27 22:53:39 Epoch 265 Train, Loss: 129103.85, MSE: 813.35 MAE: 237.44, Cost 123.7 sec
05-27 22:53:40 -----Epoch 266/999-----
05-27 22:55:43 Epoch 266 Train, Loss: 127305.55, MSE: 824.26 MAE: 226.71, Cost 123.0 sec
05-27 22:55:44 -----Epoch 267/999-----
05-27 22:57:48 Epoch 267 Train, Loss: 129905.49, MSE: 911.03 MAE: 218.97, Cost 124.2 sec
05-27 22:57:48 -----Epoch 268/999-----
05-27 22:59:53 Epoch 268 Train, Loss: 133183.20, MSE: 856.28 MAE: 255.48, Cost 124.9 sec
05-27 22:59:54 -----Epoch 269/999-----
05-27 23:01:59 Epoch 269 Train, Loss: 126495.71, MSE: 774.32 MAE: 248.32, Cost 124.6 sec
05-27 23:01:59 -----Epoch 270/999-----
05-27 23:04:03 Epoch 270 Train, Loss: 123681.34, MSE: 939.41 MAE: 231.70, Cost 123.9 sec
05-27 23:04:31 Epoch 270 Val, MSE: 122.48 MAE: 23.06, Cost 27.2 sec
05-27 23:04:31 best mae 20.59 mse 127.36 @epoch 200
05-27 23:04:31 -----Epoch 271/999-----
05-27 23:06:34 Epoch 271 Train, Loss: 122894.46, MSE: 949.01 MAE: 220.80, Cost 123.1 sec
05-27 23:06:35 -----Epoch 272/999-----
05-27 23:08:39 Epoch 272 Train, Loss: 123002.20, MSE: 591.41 MAE: 213.33, Cost 124.0 sec
05-27 23:08:40 -----Epoch 273/999-----
05-27 23:10:43 Epoch 273 Train, Loss: 127169.85, MSE: 1104.16 MAE: 252.21, Cost 123.1 sec
05-27 23:10:43 -----Epoch 274/999-----
05-27 23:12:48 Epoch 274 Train, Loss: 130453.45, MSE: 1109.74 MAE: 263.85, Cost 124.7 sec
05-27 23:12:49 -----Epoch 275/999-----
05-27 23:14:34 Epoch 275 Train, Loss: 123215.10, MSE: 568.37 MAE: 213.24, Cost 104.7 sec
05-27 23:14:34 -----Epoch 276/999-----
05-27 23:16:12 Epoch 276 Train, Loss: 115959.10, MSE: 568.31 MAE: 196.91, Cost 97.7 sec
05-27 23:16:13 -----Epoch 277/999-----
05-27 23:17:50 Epoch 277 Train, Loss: 125720.31, MSE: 807.19 MAE: 209.40, Cost 97.1 sec
05-27 23:17:50 -----Epoch 278/999-----
05-27 23:19:28 Epoch 278 Train, Loss: 120983.42, MSE: 726.09 MAE: 231.71, Cost 97.4 sec
05-27 23:19:28 -----Epoch 279/999-----
05-27 23:21:06 Epoch 279 Train, Loss: 136479.98, MSE: 1065.68 MAE: 273.05, Cost 97.4 sec
05-27 23:21:07 -----Epoch 280/999-----
05-27 23:22:44 Epoch 280 Train, Loss: 133791.49, MSE: 1070.57 MAE: 267.46, Cost 97.3 sec
05-27 23:23:07 Epoch 280 Val, MSE: 125.50 MAE: 21.50, Cost 22.2 sec
05-27 23:23:07 best mae 20.59 mse 127.36 @epoch 200
05-27 23:23:07 -----Epoch 281/999-----
